2025-10-06 16:10:11,781 [DEBUG] Entity: Goblin_1 Y:8 X:0
2025-10-06 16:10:11,781 [DEBUG] Entity moving to: Goblin_1 Y:7 X:0
2025-10-06 16:10:11,781 [DEBUG] None
2025-10-06 16:10:11,781 [DEBUG] Entity: Goblin_2 Y:1 X:4
2025-10-06 16:10:11,781 [DEBUG] Entity moving to: Goblin_2 Y:1 X:3
2025-10-06 16:10:11,781 [DEBUG] None
2025-10-06 16:10:11,781 [DEBUG] Entity: Goblin_3 Y:1 X:9
2025-10-06 16:10:11,781 [DEBUG] Entity moving to: Goblin_3 Y:1 X:8
2025-10-06 16:10:11,781 [DEBUG] None
2025-10-06 16:10:12,079 [DEBUG] Entity: Goblin_1 Y:7 X:0
2025-10-06 16:10:12,080 [DEBUG] Entity moving to: Goblin_1 Y:6 X:0
2025-10-06 16:10:12,080 [DEBUG] None
2025-10-06 16:10:12,080 [DEBUG] Entity: Goblin_2 Y:1 X:3
2025-10-06 16:10:12,080 [DEBUG] Entity moving to: Goblin_2 Y:1 X:2
2025-10-06 16:10:12,080 [DEBUG] None
2025-10-06 16:10:12,080 [DEBUG] Entity: Goblin_3 Y:1 X:8
2025-10-06 16:10:12,080 [DEBUG] Entity moving to: Goblin_3 Y:1 X:7
2025-10-06 16:10:12,081 [DEBUG] None
2025-10-06 16:10:12,775 [DEBUG] Entity: Goblin_1 Y:6 X:0
2025-10-06 16:10:12,776 [DEBUG] Entity moving to: Goblin_1 Y:5 X:0
2025-10-06 16:10:12,776 [DEBUG] None
2025-10-06 16:10:12,776 [DEBUG] Entity: Goblin_3 Y:1 X:7
2025-10-06 16:10:12,776 [DEBUG] Entity moving to: Goblin_3 Y:1 X:6
2025-10-06 16:10:12,776 [DEBUG] None
2025-10-06 16:10:12,959 [DEBUG] Entity: Goblin_1 Y:5 X:0
2025-10-06 16:10:12,959 [DEBUG] Entity moving to: Goblin_1 Y:4 X:0
2025-10-06 16:10:12,960 [DEBUG] None
2025-10-06 16:10:12,960 [DEBUG] Entity: Goblin_3 Y:1 X:6
2025-10-06 16:10:12,960 [DEBUG] Entity moving to: Goblin_3 Y:1 X:5
2025-10-06 16:10:12,960 [DEBUG] None
2025-10-06 16:10:13,119 [DEBUG] Entity: Goblin_1 Y:4 X:0
2025-10-06 16:10:13,119 [DEBUG] Entity moving to: Goblin_1 Y:3 X:0
2025-10-06 16:10:13,120 [DEBUG] None
2025-10-06 16:10:13,120 [DEBUG] Entity: Goblin_3 Y:1 X:5
2025-10-06 16:10:13,120 [DEBUG] Entity moving to: Goblin_3 Y:1 X:4
2025-10-06 16:10:13,120 [DEBUG] None
2025-10-06 16:10:13,287 [DEBUG] Entity: Goblin_1 Y:3 X:0
2025-10-06 16:10:13,287 [DEBUG] Entity moving to: Goblin_1 Y:2 X:0
2025-10-06 16:10:13,288 [DEBUG] None
2025-10-06 16:10:13,288 [DEBUG] Entity: Goblin_3 Y:1 X:4
2025-10-06 16:10:13,288 [DEBUG] Entity moving to: Goblin_3 Y:1 X:3
2025-10-06 16:10:13,288 [DEBUG] None
2025-10-06 16:10:13,447 [DEBUG] Entity: Goblin_3 Y:1 X:3
2025-10-06 16:10:13,448 [DEBUG] Direction result:LEFT
2025-10-06 16:10:13,448 [DEBUG] Entity: Goblin_3 in LEFT/RIGHT
2025-10-06 16:10:13,448 [DEBUG] Counting occupied cells
2025-10-06 16:10:13,448 [DEBUG] Counting occupied cells
2025-10-06 16:10:13,448 [DEBUG] Entity moving to: Goblin_3 Y:2 X:3
2025-10-06 16:10:13,448 [DEBUG] None
2025-10-06 16:10:13,991 [DEBUG] Entity: Goblin_3 Y:2 X:3
2025-10-06 16:10:13,992 [DEBUG] Entity moving to: Goblin_3 Y:2 X:2
2025-10-06 16:10:13,992 [DEBUG] None
2025-10-06 16:10:43,087 [DEBUG] Entity: Goblin_1 Y:2 X:2
2025-10-06 16:10:43,087 [DEBUG] Direction result:LEFT
2025-10-06 16:10:43,090 [DEBUG] Entity: Goblin_1 in LEFT/RIGHT
2025-10-06 16:10:43,090 [DEBUG] Counting occupied cells
2025-10-06 16:10:43,090 [DEBUG] Counting occupied cells
2025-10-06 16:10:43,091 [DEBUG] Entity moving to: Goblin_1 Y:1 X:2
2025-10-06 16:10:43,091 [DEBUG] None
2025-10-06 16:10:43,583 [DEBUG] Entity: Goblin_1 Y:1 X:2
2025-10-06 16:10:43,583 [DEBUG] Entity moving to: Goblin_1 Y:1 X:1
2025-10-06 16:10:43,583 [DEBUG] None
